<?xml version="1.0" encoding="UTF-8"?>
<testsuite name="me.iiaii.springrevision.practice.order.OrderServiceImplTest" tests="1" skipped="0" failures="0" errors="0" timestamp="2021-03-17T14:32:03" hostname="CJHui-MacBook-Pro.local" time="0.365">
  <properties/>
  <testcase name="createOrder" classname="me.iiaii.springrevision.practice.order.OrderServiceImplTest" time="0.365"/>
  <system-out><![CDATA[]]></system-out>
  <system-err><![CDATA[]]></system-err>
</testsuite>
