<?xml version="1.0" encoding="UTF-8"?>
<testsuite name="me.iiaii.springrevision.practice.autowired.AllBeanTest" tests="1" skipped="0" failures="0" errors="0" timestamp="2021-03-18T11:45:00" hostname="CJHui-MacBook-Pro.local" time="2.141">
  <properties/>
  <testcase name="findAllBean()" classname="me.iiaii.springrevision.practice.autowired.AllBeanTest" time="2.141"/>
  <system-out><![CDATA[20:45:00.845 [Test worker] DEBUG org.springframework.context.annotation.AnnotationConfigApplicationContext - Refreshing org.springframework.context.annotation.AnnotationConfigApplicationContext@7443db9b
20:45:00.971 [Test worker] DEBUG org.springframework.beans.factory.support.DefaultListableBeanFactory - Creating shared instance of singleton bean 'org.springframework.context.annotation.internalConfigurationAnnotationProcessor'
20:45:01.284 [Test worker] DEBUG org.springframework.context.annotation.ClassPathBeanDefinitionScanner - Identified candidate component class: file [/Users/cjh/IdeaProjects/spring-revision/build/classes/java/main/me/iiaii/springrevision/practice/discount/FixDiscountPolicy.class]
20:45:01.290 [Test worker] DEBUG org.springframework.context.annotation.ClassPathBeanDefinitionScanner - Identified candidate component class: file [/Users/cjh/IdeaProjects/spring-revision/build/classes/java/main/me/iiaii/springrevision/practice/discount/RateDiscountPolicy.class]
20:45:01.321 [Test worker] DEBUG org.springframework.context.annotation.ClassPathBeanDefinitionScanner - Identified candidate component class: file [/Users/cjh/IdeaProjects/spring-revision/build/classes/java/main/me/iiaii/springrevision/practice/member/MemberServiceImpl.class]
20:45:01.329 [Test worker] DEBUG org.springframework.context.annotation.ClassPathBeanDefinitionScanner - Identified candidate component class: file [/Users/cjh/IdeaProjects/spring-revision/build/classes/java/main/me/iiaii/springrevision/practice/member/MemoryMemberRepository.class]
20:45:01.342 [Test worker] DEBUG org.springframework.context.annotation.ClassPathBeanDefinitionScanner - Identified candidate component class: file [/Users/cjh/IdeaProjects/spring-revision/build/classes/java/main/me/iiaii/springrevision/practice/order/OrderServiceImpl.class]
20:45:01.817 [Test worker] DEBUG org.springframework.beans.factory.support.DefaultListableBeanFactory - Creating shared instance of singleton bean 'org.springframework.context.event.internalEventListenerProcessor'
20:45:01.823 [Test worker] DEBUG org.springframework.beans.factory.support.DefaultListableBeanFactory - Creating shared instance of singleton bean 'org.springframework.context.event.internalEventListenerFactory'
20:45:01.826 [Test worker] DEBUG org.springframework.beans.factory.support.DefaultListableBeanFactory - Creating shared instance of singleton bean 'org.springframework.context.annotation.internalAutowiredAnnotationProcessor'
20:45:01.829 [Test worker] DEBUG org.springframework.beans.factory.support.DefaultListableBeanFactory - Creating shared instance of singleton bean 'org.springframework.context.annotation.internalCommonAnnotationProcessor'
20:45:01.855 [Test worker] DEBUG org.springframework.beans.factory.support.DefaultListableBeanFactory - Creating shared instance of singleton bean 'org.springframework.context.annotation.internalPersistenceAnnotationProcessor'
20:45:01.873 [Test worker] DEBUG org.springframework.beans.factory.support.DefaultListableBeanFactory - Creating shared instance of singleton bean 'autoAppConfig'
20:45:01.896 [Test worker] DEBUG org.springframework.beans.factory.support.DefaultListableBeanFactory - Creating shared instance of singleton bean 'allBeanTest.DiscountService'
20:45:01.941 [Test worker] DEBUG org.springframework.beans.factory.support.DefaultListableBeanFactory - Creating shared instance of singleton bean 'fixDiscountPolicy'
20:45:01.945 [Test worker] DEBUG org.springframework.beans.factory.support.DefaultListableBeanFactory - Creating shared instance of singleton bean 'rateDiscountPolicy'
20:45:01.990 [Test worker] DEBUG org.springframework.beans.factory.support.DefaultListableBeanFactory - Autowiring by type from bean name 'allBeanTest.DiscountService' via constructor to bean named 'fixDiscountPolicy'
20:45:01.991 [Test worker] DEBUG org.springframework.beans.factory.support.DefaultListableBeanFactory - Autowiring by type from bean name 'allBeanTest.DiscountService' via constructor to bean named 'rateDiscountPolicy'
policyMap = {fixDiscountPolicy=me.iiaii.springrevision.practice.discount.FixDiscountPolicy@62d9dcc4, rateDiscountPolicy=me.iiaii.springrevision.practice.discount.RateDiscountPolicy@4176aca}
policies = [me.iiaii.springrevision.practice.discount.FixDiscountPolicy@62d9dcc4, me.iiaii.springrevision.practice.discount.RateDiscountPolicy@4176aca]
20:45:02.005 [Test worker] DEBUG org.springframework.beans.factory.support.DefaultListableBeanFactory - Creating shared instance of singleton bean 'memberServiceImpl'
20:45:02.009 [Test worker] DEBUG org.springframework.beans.factory.support.DefaultListableBeanFactory - Creating shared instance of singleton bean 'memoryMemberRepository'
20:45:02.011 [Test worker] DEBUG org.springframework.beans.factory.support.DefaultListableBeanFactory - Autowiring by type from bean name 'memberServiceImpl' via constructor to bean named 'memoryMemberRepository'
20:45:02.020 [Test worker] DEBUG org.springframework.beans.factory.support.DefaultListableBeanFactory - Creating shared instance of singleton bean 'orderServiceImpl'
20:45:02.028 [Test worker] DEBUG org.springframework.beans.factory.support.DefaultListableBeanFactory - Autowiring by type from bean name 'orderServiceImpl' via constructor to bean named 'memoryMemberRepository'
20:45:02.037 [Test worker] DEBUG org.springframework.beans.factory.support.DefaultListableBeanFactory - Autowiring by type from bean name 'orderServiceImpl' via constructor to bean named 'fixDiscountPolicy'
discountPolicy = true
]]></system-out>
  <system-err><![CDATA[]]></system-err>
</testsuite>
