<?xml version="1.0" encoding="UTF-8"?>
<testsuite name="me.iiaii.springrevision.practice.beanFind.ApplicationContextInfoTest" tests="2" skipped="0" failures="0" errors="0" timestamp="2021-03-18T06:42:25" hostname="CJHui-MacBook-Pro.local" time="0.136">
  <properties/>
  <testcase name="애플리케이션 빈 출력하기" classname="me.iiaii.springrevision.practice.beanFind.ApplicationContextInfoTest" time="0.006"/>
  <testcase name="모든 빈 출력하기" classname="me.iiaii.springrevision.practice.beanFind.ApplicationContextInfoTest" time="0.014"/>
  <system-out><![CDATA[15:42:25.006 [Test worker] DEBUG org.springframework.context.annotation.AnnotationConfigApplicationContext - Refreshing org.springframework.context.annotation.AnnotationConfigApplicationContext@22648183
15:42:25.009 [Test worker] DEBUG org.springframework.beans.factory.support.DefaultListableBeanFactory - Creating shared instance of singleton bean 'org.springframework.context.annotation.internalConfigurationAnnotationProcessor'
15:42:25.023 [Test worker] DEBUG org.springframework.beans.factory.support.DefaultListableBeanFactory - Creating shared instance of singleton bean 'org.springframework.context.event.internalEventListenerProcessor'
15:42:25.024 [Test worker] DEBUG org.springframework.beans.factory.support.DefaultListableBeanFactory - Creating shared instance of singleton bean 'org.springframework.context.event.internalEventListenerFactory'
15:42:25.026 [Test worker] DEBUG org.springframework.beans.factory.support.DefaultListableBeanFactory - Creating shared instance of singleton bean 'org.springframework.context.annotation.internalAutowiredAnnotationProcessor'
15:42:25.031 [Test worker] DEBUG org.springframework.beans.factory.support.DefaultListableBeanFactory - Creating shared instance of singleton bean 'org.springframework.context.annotation.internalCommonAnnotationProcessor'
15:42:25.032 [Test worker] DEBUG org.springframework.beans.factory.support.DefaultListableBeanFactory - Creating shared instance of singleton bean 'org.springframework.context.annotation.internalPersistenceAnnotationProcessor'
15:42:25.034 [Test worker] DEBUG org.springframework.beans.factory.support.DefaultListableBeanFactory - Creating shared instance of singleton bean 'appConfig'
15:42:25.037 [Test worker] DEBUG org.springframework.beans.factory.support.DefaultListableBeanFactory - Creating shared instance of singleton bean 'memberService'
15:42:25.037 [Test worker] DEBUG org.springframework.beans.factory.support.DefaultListableBeanFactory - Creating shared instance of singleton bean 'memberRepository'
15:42:25.039 [Test worker] DEBUG org.springframework.beans.factory.support.DefaultListableBeanFactory - Creating shared instance of singleton bean 'orderService'
15:42:25.039 [Test worker] DEBUG org.springframework.beans.factory.support.DefaultListableBeanFactory - Creating shared instance of singleton bean 'discountPolicy'
name = appConfig bean = me.iiaii.springrevision.practice.AppConfig$$EnhancerBySpringCGLIB$$aca53609@717c30a3
name = memberService bean = me.iiaii.springrevision.practice.member.MemberServiceImpl@19ae558f
name = orderService bean = me.iiaii.springrevision.practice.order.OrderServiceImpl@6be29396
name = memberRepository bean = me.iiaii.springrevision.practice.member.MemoryMemberRepository@5e76dd4
name = discountPolicy bean = me.iiaii.springrevision.practice.discount.RateDiscountPolicy@7b8b4d6c
15:42:25.083 [Test worker] DEBUG org.springframework.context.annotation.AnnotationConfigApplicationContext - Refreshing org.springframework.context.annotation.AnnotationConfigApplicationContext@5555caf3
15:42:25.084 [Test worker] DEBUG org.springframework.beans.factory.support.DefaultListableBeanFactory - Creating shared instance of singleton bean 'org.springframework.context.annotation.internalConfigurationAnnotationProcessor'
15:42:25.106 [Test worker] DEBUG org.springframework.beans.factory.support.DefaultListableBeanFactory - Creating shared instance of singleton bean 'org.springframework.context.event.internalEventListenerProcessor'
15:42:25.108 [Test worker] DEBUG org.springframework.beans.factory.support.DefaultListableBeanFactory - Creating shared instance of singleton bean 'org.springframework.context.event.internalEventListenerFactory'
15:42:25.109 [Test worker] DEBUG org.springframework.beans.factory.support.DefaultListableBeanFactory - Creating shared instance of singleton bean 'org.springframework.context.annotation.internalAutowiredAnnotationProcessor'
15:42:25.113 [Test worker] DEBUG org.springframework.beans.factory.support.DefaultListableBeanFactory - Creating shared instance of singleton bean 'org.springframework.context.annotation.internalCommonAnnotationProcessor'
15:42:25.116 [Test worker] DEBUG org.springframework.beans.factory.support.DefaultListableBeanFactory - Creating shared instance of singleton bean 'org.springframework.context.annotation.internalPersistenceAnnotationProcessor'
15:42:25.119 [Test worker] DEBUG org.springframework.beans.factory.support.DefaultListableBeanFactory - Creating shared instance of singleton bean 'appConfig'
15:42:25.121 [Test worker] DEBUG org.springframework.beans.factory.support.DefaultListableBeanFactory - Creating shared instance of singleton bean 'memberService'
15:42:25.123 [Test worker] DEBUG org.springframework.beans.factory.support.DefaultListableBeanFactory - Creating shared instance of singleton bean 'memberRepository'
15:42:25.126 [Test worker] DEBUG org.springframework.beans.factory.support.DefaultListableBeanFactory - Creating shared instance of singleton bean 'orderService'
15:42:25.158 [Test worker] DEBUG org.springframework.beans.factory.support.DefaultListableBeanFactory - Creating shared instance of singleton bean 'discountPolicy'
name = org.springframework.context.annotation.internalConfigurationAnnotationProcessor bean = org.springframework.context.annotation.ConfigurationClassPostProcessor@2ea57eba
name = org.springframework.context.annotation.internalAutowiredAnnotationProcessor bean = org.springframework.beans.factory.annotation.AutowiredAnnotationBeanPostProcessor@4ba7035c
name = org.springframework.context.annotation.internalCommonAnnotationProcessor bean = org.springframework.context.annotation.CommonAnnotationBeanPostProcessor@4f4f96aa
name = org.springframework.context.annotation.internalPersistenceAnnotationProcessor bean = org.springframework.orm.jpa.support.PersistenceAnnotationBeanPostProcessor@7c07d8b
name = org.springframework.context.event.internalEventListenerProcessor bean = org.springframework.context.event.EventListenerMethodProcessor@2158367
name = org.springframework.context.event.internalEventListenerFactory bean = org.springframework.context.event.DefaultEventListenerFactory@715bcd9a
name = appConfig bean = me.iiaii.springrevision.practice.AppConfig$$EnhancerBySpringCGLIB$$aca53609@789124e6
name = memberService bean = me.iiaii.springrevision.practice.member.MemberServiceImpl@125ee73d
name = orderService bean = me.iiaii.springrevision.practice.order.OrderServiceImpl@aa84ded
name = memberRepository bean = me.iiaii.springrevision.practice.member.MemoryMemberRepository@e355399
name = discountPolicy bean = me.iiaii.springrevision.practice.discount.RateDiscountPolicy@7beff062
]]></system-out>
  <system-err><![CDATA[]]></system-err>
</testsuite>
