<?xml version="1.0" encoding="UTF-8"?>
<testsuite name="me.iiaii.springrevision.practice.member.MemberServiceTest" tests="1" skipped="0" failures="0" errors="0" timestamp="2021-03-18T06:42:21" hostname="CJHui-MacBook-Pro.local" time="0.002">
  <properties/>
  <testcase name="join()" classname="me.iiaii.springrevision.practice.member.MemberServiceTest" time="0.002"/>
  <system-out><![CDATA[]]></system-out>
  <system-err><![CDATA[]]></system-err>
</testsuite>
