<?xml version="1.0" encoding="UTF-8"?>
<testsuite name="me.iiaii.springrevision.practice.lifecycle.BeanLifCycleTest" tests="1" skipped="0" failures="0" errors="0" timestamp="2021-03-19T12:30:08" hostname="CJHui-MacBook-Pro.local" time="0.926">
  <properties/>
  <testcase name="lifeCycleTest()" classname="me.iiaii.springrevision.practice.lifecycle.BeanLifCycleTest" time="0.926"/>
  <system-out><![CDATA[21:30:08.577 [Test worker] DEBUG org.springframework.context.annotation.AnnotationConfigApplicationContext - Refreshing org.springframework.context.annotation.AnnotationConfigApplicationContext@2ce4cff5
21:30:08.613 [Test worker] DEBUG org.springframework.beans.factory.support.DefaultListableBeanFactory - Creating shared instance of singleton bean 'org.springframework.context.annotation.internalConfigurationAnnotationProcessor'
21:30:08.837 [Test worker] DEBUG org.springframework.beans.factory.support.DefaultListableBeanFactory - Creating shared instance of singleton bean 'org.springframework.context.event.internalEventListenerProcessor'
21:30:08.846 [Test worker] DEBUG org.springframework.beans.factory.support.DefaultListableBeanFactory - Creating shared instance of singleton bean 'org.springframework.context.event.internalEventListenerFactory'
21:30:08.848 [Test worker] DEBUG org.springframework.beans.factory.support.DefaultListableBeanFactory - Creating shared instance of singleton bean 'org.springframework.context.annotation.internalAutowiredAnnotationProcessor'
21:30:08.851 [Test worker] DEBUG org.springframework.beans.factory.support.DefaultListableBeanFactory - Creating shared instance of singleton bean 'org.springframework.context.annotation.internalCommonAnnotationProcessor'
21:30:08.868 [Test worker] DEBUG org.springframework.beans.factory.support.DefaultListableBeanFactory - Creating shared instance of singleton bean 'org.springframework.context.annotation.internalPersistenceAnnotationProcessor'
21:30:08.880 [Test worker] DEBUG org.springframework.beans.factory.support.DefaultListableBeanFactory - Creating shared instance of singleton bean 'beanLifCycleTest.LifeCycleConfig'
21:30:08.887 [Test worker] DEBUG org.springframework.beans.factory.support.DefaultListableBeanFactory - Creating shared instance of singleton bean 'networkClient'
생성자 호출, url = null
NetworkClient.init
connect: http://hello-spring.dev
call: http://hello-spring.dev message = 초기화 연결 메시지
21:30:09.034 [Test worker] DEBUG org.springframework.context.annotation.AnnotationConfigApplicationContext - Closing org.springframework.context.annotation.AnnotationConfigApplicationContext@2ce4cff5, started on Fri Mar 19 21:30:08 KST 2021
NetworkClient.close
close: http://hello-spring.dev
]]></system-out>
  <system-err><![CDATA[]]></system-err>
</testsuite>
