<?xml version="1.0" encoding="UTF-8"?>
<testsuite name="me.iiaii.springrevision.practice.discount.RateDiscountPolicyTest" tests="2" skipped="0" failures="0" errors="0" timestamp="2021-03-17T14:07:52" hostname="CJHui-MacBook-Pro.local" time="0.012">
  <properties/>
  <testcase name="VIP는 10% 할인이 적용되어야 한다" classname="me.iiaii.springrevision.practice.discount.RateDiscountPolicyTest" time="0.002"/>
  <testcase name="VIP가 아니면 할인이 적용되지 않아야 한다" classname="me.iiaii.springrevision.practice.discount.RateDiscountPolicyTest" time="0.008"/>
  <system-out><![CDATA[]]></system-out>
  <system-err><![CDATA[]]></system-err>
</testsuite>
