<?xml version="1.0" encoding="UTF-8"?>
<testsuite name="me.iiaii.springrevision.practice.scan.filter.ComponentFilterAppConfigTest" tests="1" skipped="0" failures="0" errors="0" timestamp="2021-03-17T14:07:51" hostname="CJHui-MacBook-Pro.local" time="0.099">
  <properties/>
  <testcase name="filterScan()" classname="me.iiaii.springrevision.practice.scan.filter.ComponentFilterAppConfigTest" time="0.099"/>
  <system-out><![CDATA[23:07:51.972 [Test worker] DEBUG org.springframework.context.annotation.AnnotationConfigApplicationContext - Refreshing org.springframework.context.annotation.AnnotationConfigApplicationContext@7350bd65
23:07:51.973 [Test worker] DEBUG org.springframework.beans.factory.support.DefaultListableBeanFactory - Creating shared instance of singleton bean 'org.springframework.context.annotation.internalConfigurationAnnotationProcessor'
23:07:51.995 [Test worker] DEBUG org.springframework.context.annotation.ClassPathBeanDefinitionScanner - Identified candidate component class: file [/Users/cjh/IdeaProjects/spring-revision/build/classes/java/test/me/iiaii/springrevision/practice/scan/filter/BeanA.class]
23:07:52.009 [Test worker] DEBUG org.springframework.beans.factory.support.DefaultListableBeanFactory - Creating shared instance of singleton bean 'org.springframework.context.event.internalEventListenerProcessor'
23:07:52.010 [Test worker] DEBUG org.springframework.beans.factory.support.DefaultListableBeanFactory - Creating shared instance of singleton bean 'org.springframework.context.event.internalEventListenerFactory'
23:07:52.012 [Test worker] DEBUG org.springframework.beans.factory.support.DefaultListableBeanFactory - Creating shared instance of singleton bean 'org.springframework.context.annotation.internalAutowiredAnnotationProcessor'
23:07:52.014 [Test worker] DEBUG org.springframework.beans.factory.support.DefaultListableBeanFactory - Creating shared instance of singleton bean 'org.springframework.context.annotation.internalCommonAnnotationProcessor'
23:07:52.016 [Test worker] DEBUG org.springframework.beans.factory.support.DefaultListableBeanFactory - Creating shared instance of singleton bean 'org.springframework.context.annotation.internalPersistenceAnnotationProcessor'
23:07:52.031 [Test worker] DEBUG org.springframework.beans.factory.support.DefaultListableBeanFactory - Creating shared instance of singleton bean 'componentFilterAppConfigTest.ComponentFilterAppConfig'
23:07:52.040 [Test worker] DEBUG org.springframework.beans.factory.support.DefaultListableBeanFactory - Creating shared instance of singleton bean 'beanA'
]]></system-out>
  <system-err><![CDATA[]]></system-err>
</testsuite>
