<?xml version="1.0" encoding="UTF-8"?>
<testsuite name="me.iiaii.springrevision.practice.scan.filter.ComponentFilterAppConfigTest" tests="1" skipped="0" failures="0" errors="0" timestamp="2021-03-18T06:42:23" hostname="CJHui-MacBook-Pro.local" time="0.081">
  <properties/>
  <testcase name="filterScan()" classname="me.iiaii.springrevision.practice.scan.filter.ComponentFilterAppConfigTest" time="0.081"/>
  <system-out><![CDATA[15:42:23.315 [Test worker] DEBUG org.springframework.context.annotation.AnnotationConfigApplicationContext - Refreshing org.springframework.context.annotation.AnnotationConfigApplicationContext@45d38424
15:42:23.317 [Test worker] DEBUG org.springframework.beans.factory.support.DefaultListableBeanFactory - Creating shared instance of singleton bean 'org.springframework.context.annotation.internalConfigurationAnnotationProcessor'
15:42:23.325 [Test worker] DEBUG org.springframework.context.annotation.ClassPathBeanDefinitionScanner - Identified candidate component class: file [/Users/cjh/IdeaProjects/spring-revision/build/classes/java/test/me/iiaii/springrevision/practice/scan/filter/BeanA.class]
15:42:23.337 [Test worker] DEBUG org.springframework.beans.factory.support.DefaultListableBeanFactory - Creating shared instance of singleton bean 'org.springframework.context.event.internalEventListenerProcessor'
15:42:23.338 [Test worker] DEBUG org.springframework.beans.factory.support.DefaultListableBeanFactory - Creating shared instance of singleton bean 'org.springframework.context.event.internalEventListenerFactory'
15:42:23.339 [Test worker] DEBUG org.springframework.beans.factory.support.DefaultListableBeanFactory - Creating shared instance of singleton bean 'org.springframework.context.annotation.internalAutowiredAnnotationProcessor'
15:42:23.343 [Test worker] DEBUG org.springframework.beans.factory.support.DefaultListableBeanFactory - Creating shared instance of singleton bean 'org.springframework.context.annotation.internalCommonAnnotationProcessor'
15:42:23.350 [Test worker] DEBUG org.springframework.beans.factory.support.DefaultListableBeanFactory - Creating shared instance of singleton bean 'org.springframework.context.annotation.internalPersistenceAnnotationProcessor'
15:42:23.353 [Test worker] DEBUG org.springframework.beans.factory.support.DefaultListableBeanFactory - Creating shared instance of singleton bean 'componentFilterAppConfigTest.ComponentFilterAppConfig'
15:42:23.358 [Test worker] DEBUG org.springframework.beans.factory.support.DefaultListableBeanFactory - Creating shared instance of singleton bean 'beanA'
]]></system-out>
  <system-err><![CDATA[]]></system-err>
</testsuite>
