<?xml version="1.0" encoding="UTF-8"?>
<testsuite name="me.iiaii.springrevision.practice.scan.AutoAppConfigTest" tests="1" skipped="0" failures="0" errors="0" timestamp="2021-03-18T06:42:21" hostname="CJHui-MacBook-Pro.local" time="1.508">
  <properties/>
  <testcase name="beanScan()" classname="me.iiaii.springrevision.practice.scan.AutoAppConfigTest" time="1.508"/>
  <system-out><![CDATA[15:42:22.471 [Test worker] DEBUG org.springframework.context.annotation.AnnotationConfigApplicationContext - Refreshing org.springframework.context.annotation.AnnotationConfigApplicationContext@18dc4107
15:42:22.525 [Test worker] DEBUG org.springframework.beans.factory.support.DefaultListableBeanFactory - Creating shared instance of singleton bean 'org.springframework.context.annotation.internalConfigurationAnnotationProcessor'
15:42:22.882 [Test worker] DEBUG org.springframework.context.annotation.ClassPathBeanDefinitionScanner - Identified candidate component class: file [/Users/cjh/IdeaProjects/spring-revision/build/classes/java/main/me/iiaii/springrevision/practice/discount/FixDiscountPolicy.class]
15:42:22.886 [Test worker] DEBUG org.springframework.context.annotation.ClassPathBeanDefinitionScanner - Identified candidate component class: file [/Users/cjh/IdeaProjects/spring-revision/build/classes/java/main/me/iiaii/springrevision/practice/discount/RateDiscountPolicy.class]
15:42:22.889 [Test worker] DEBUG org.springframework.context.annotation.ClassPathBeanDefinitionScanner - Identified candidate component class: file [/Users/cjh/IdeaProjects/spring-revision/build/classes/java/main/me/iiaii/springrevision/practice/member/MemberServiceImpl.class]
15:42:22.890 [Test worker] DEBUG org.springframework.context.annotation.ClassPathBeanDefinitionScanner - Identified candidate component class: file [/Users/cjh/IdeaProjects/spring-revision/build/classes/java/main/me/iiaii/springrevision/practice/member/MemoryMemberRepository.class]
15:42:22.891 [Test worker] DEBUG org.springframework.context.annotation.ClassPathBeanDefinitionScanner - Identified candidate component class: file [/Users/cjh/IdeaProjects/spring-revision/build/classes/java/main/me/iiaii/springrevision/practice/order/OrderServiceImpl.class]
15:42:23.126 [Test worker] DEBUG org.springframework.beans.factory.support.DefaultListableBeanFactory - Creating shared instance of singleton bean 'org.springframework.context.event.internalEventListenerProcessor'
15:42:23.140 [Test worker] DEBUG org.springframework.beans.factory.support.DefaultListableBeanFactory - Creating shared instance of singleton bean 'org.springframework.context.event.internalEventListenerFactory'
15:42:23.143 [Test worker] DEBUG org.springframework.beans.factory.support.DefaultListableBeanFactory - Creating shared instance of singleton bean 'org.springframework.context.annotation.internalAutowiredAnnotationProcessor'
15:42:23.155 [Test worker] DEBUG org.springframework.beans.factory.support.DefaultListableBeanFactory - Creating shared instance of singleton bean 'org.springframework.context.annotation.internalCommonAnnotationProcessor'
15:42:23.171 [Test worker] DEBUG org.springframework.beans.factory.support.DefaultListableBeanFactory - Creating shared instance of singleton bean 'org.springframework.context.annotation.internalPersistenceAnnotationProcessor'
15:42:23.181 [Test worker] DEBUG org.springframework.beans.factory.support.DefaultListableBeanFactory - Creating shared instance of singleton bean 'autoAppConfig'
15:42:23.191 [Test worker] DEBUG org.springframework.beans.factory.support.DefaultListableBeanFactory - Creating shared instance of singleton bean 'fixDiscountPolicy'
15:42:23.192 [Test worker] DEBUG org.springframework.beans.factory.support.DefaultListableBeanFactory - Creating shared instance of singleton bean 'rateDiscountPolicy'
15:42:23.193 [Test worker] DEBUG org.springframework.beans.factory.support.DefaultListableBeanFactory - Creating shared instance of singleton bean 'memberServiceImpl'
15:42:23.216 [Test worker] DEBUG org.springframework.beans.factory.support.DefaultListableBeanFactory - Creating shared instance of singleton bean 'memoryMemberRepository'
15:42:23.219 [Test worker] DEBUG org.springframework.beans.factory.support.DefaultListableBeanFactory - Autowiring by type from bean name 'memberServiceImpl' via constructor to bean named 'memoryMemberRepository'
15:42:23.221 [Test worker] DEBUG org.springframework.beans.factory.support.DefaultListableBeanFactory - Creating shared instance of singleton bean 'orderServiceImpl'
15:42:23.232 [Test worker] DEBUG org.springframework.beans.factory.support.DefaultListableBeanFactory - Autowiring by type from bean name 'orderServiceImpl' via constructor to bean named 'memoryMemberRepository'
15:42:23.233 [Test worker] DEBUG org.springframework.beans.factory.support.DefaultListableBeanFactory - Autowiring by type from bean name 'orderServiceImpl' via constructor to bean named 'fixDiscountPolicy'
memberRepository = me.iiaii.springrevision.practice.member.MemoryMemberRepository@571e6954
]]></system-out>
  <system-err><![CDATA[]]></system-err>
</testsuite>
